<?xml version="1.0" encoding="UTF-8"?>
<!-- Generated by org.testng.reporters.JUnitXMLReporter -->
<testsuite ignored="0" hostname="DESKTOP-45MT1F8" failures="0" tests="20" name="Default test" time="44.944" errors="0" timestamp="2025-04-25T11:51:56 PDT">
  <testcase classname="api.testcases.UserTestDataDriven" name="testCreateUser" time="4.826"/>
  <testcase classname="api.testcases.UserTestDataDriven" name="testCreateUser" time="1.875"/>
  <testcase classname="api.testcases.UserTestDataDriven" name="testCreateUser" time="2.19"/>
  <testcase classname="api.testcases.UserTestDataDriven" name="testCreateUser" time="1.791"/>
  <testcase classname="api.testcases.UserTestDataDriven" name="testGetUserData" time="1.708"/>
  <testcase classname="api.testcases.UserTestDataDriven" name="testGetUserData" time="2.717"/>
  <testcase classname="api.testcases.UserTestDataDriven" name="testGetUserData" time="2.132"/>
  <testcase classname="api.testcases.UserTestDataDriven" name="testGetUserData" time="1.452"/>
  <testcase classname="api.testcases.UserTestDataDriven" name="testUpdateUser" time="4.972"/>
  <testcase classname="api.testcases.UserTestDataDriven" name="testUpdateUser" time="4.308"/>
  <testcase classname="api.testcases.UserTestDataDriven" name="testUpdateUser" time="3.689"/>
  <testcase classname="api.testcases.UserTestDataDriven" name="testUpdateUser" time="3.664"/>
  <testcase classname="api.testcases.UserTestDataDriven" name="testDeleteUser" time="0.001"/>
  <testcase classname="api.testcases.UserTestDataDriven" name="testDeleteUser" time="0.005"/>
  <testcase classname="api.testcases.UserTestDataDriven" name="testDeleteUser" time="0.001"/>
  <testcase classname="api.testcases.UserTestDataDriven" name="testDeleteUser" time="0.002"/>
  <testcase classname="api.testcases.userTest" name="testCreateUser" time="1.847"/>
  <testcase classname="api.testcases.userTest" name="testGetUserData" time="1.28"/>
  <testcase classname="api.testcases.userTest" name="testUpdateUser" time="2.858"/>
  <testcase classname="api.testcases.userTest" name="testDeleteUser" time="1.227"/>
</testsuite> <!-- Default test -->
