<?xml version="1.0" encoding="UTF-8"?>
<!-- Generated by org.testng.reporters.JUnitXMLReporter -->
<testsuite ignored="0" hostname="DESKTOP-45MT1F8" failures="0" tests="20" name="Test" time="28.246" errors="0" timestamp="2025-04-25T12:34:04 PDT">
  <testcase classname="api.testcases.UserTestDataDriven" name="testCreateUser" time="3.31"/>
  <testcase classname="api.testcases.UserTestDataDriven" name="testCreateUser" time="1.067"/>
  <testcase classname="api.testcases.UserTestDataDriven" name="testCreateUser" time="1.104"/>
  <testcase classname="api.testcases.UserTestDataDriven" name="testCreateUser" time="1.059"/>
  <testcase classname="api.testcases.UserTestDataDriven" name="testGetUserData" time="1.092"/>
  <testcase classname="api.testcases.UserTestDataDriven" name="testGetUserData" time="1.115"/>
  <testcase classname="api.testcases.UserTestDataDriven" name="testGetUserData" time="1.052"/>
  <testcase classname="api.testcases.UserTestDataDriven" name="testGetUserData" time="1.061"/>
  <testcase classname="api.testcases.UserTestDataDriven" name="testUpdateUser" time="2.358"/>
  <testcase classname="api.testcases.UserTestDataDriven" name="testUpdateUser" time="2.19"/>
  <testcase classname="api.testcases.UserTestDataDriven" name="testUpdateUser" time="2.191"/>
  <testcase classname="api.testcases.UserTestDataDriven" name="testUpdateUser" time="2.122"/>
  <testcase classname="api.testcases.UserTestDataDriven" name="testDeleteUser" time="0.002"/>
  <testcase classname="api.testcases.UserTestDataDriven" name="testDeleteUser" time="0.001"/>
  <testcase classname="api.testcases.UserTestDataDriven" name="testDeleteUser" time="0.001"/>
  <testcase classname="api.testcases.UserTestDataDriven" name="testDeleteUser" time="0.003"/>
  <testcase classname="api.testcases.userTest" name="testCreateUser" time="1.056"/>
  <testcase classname="api.testcases.userTest" name="testGetUserData" time="1.068"/>
  <testcase classname="api.testcases.userTest" name="testUpdateUser" time="2.202"/>
  <testcase classname="api.testcases.userTest" name="testDeleteUser" time="1.06"/>
</testsuite> <!-- Test -->
