<?xml version="1.0" encoding="UTF-8"?>
<!-- Generated by org.testng.reporters.JUnitXMLReporter -->
<testsuite ignored="0" hostname="DESKTOP-45MT1F8" failures="0" tests="20" name="Test" time="30.727" errors="0" timestamp="2025-04-27T00:16:37 PDT">
  <testcase classname="api.testcases.UserTestDataDriven" name="testCreateUser" time="4.204"/>
  <testcase classname="api.testcases.UserTestDataDriven" name="testCreateUser" time="1.122"/>
  <testcase classname="api.testcases.UserTestDataDriven" name="testCreateUser" time="1.093"/>
  <testcase classname="api.testcases.UserTestDataDriven" name="testCreateUser" time="1.073"/>
  <testcase classname="api.testcases.UserTestDataDriven" name="testGetUserData" time="1.108"/>
  <testcase classname="api.testcases.UserTestDataDriven" name="testGetUserData" time="1.079"/>
  <testcase classname="api.testcases.UserTestDataDriven" name="testGetUserData" time="1.16"/>
  <testcase classname="api.testcases.UserTestDataDriven" name="testGetUserData" time="1.136"/>
  <testcase classname="api.testcases.UserTestDataDriven" name="testUpdateUser" time="2.442"/>
  <testcase classname="api.testcases.UserTestDataDriven" name="testUpdateUser" time="2.369"/>
  <testcase classname="api.testcases.UserTestDataDriven" name="testUpdateUser" time="2.247"/>
  <testcase classname="api.testcases.UserTestDataDriven" name="testUpdateUser" time="2.236"/>
  <testcase classname="api.testcases.UserTestDataDriven" name="testDeleteUser" time="0.001"/>
  <testcase classname="api.testcases.UserTestDataDriven" name="testDeleteUser" time="0.001"/>
  <testcase classname="api.testcases.UserTestDataDriven" name="testDeleteUser" time="0.0"/>
  <testcase classname="api.testcases.UserTestDataDriven" name="testDeleteUser" time="0.001"/>
  <testcase classname="api.testcases.userTest" name="testCreateUser" time="1.066"/>
  <testcase classname="api.testcases.userTest" name="testGetUserData" time="1.069"/>
  <testcase classname="api.testcases.userTest" name="testUpdateUser" time="2.175"/>
  <testcase classname="api.testcases.userTest" name="testDeleteUser" time="1.079"/>
</testsuite> <!-- Test -->
