<?xml version="1.0" encoding="UTF-8"?>
<!-- Generated by org.testng.reporters.JUnitXMLReporter -->
<testsuite ignored="0" hostname="DESKTOP-45MT1F8" failures="0" tests="20" name="Test" time="31.119" errors="0" timestamp="2025-04-27T00:08:41 PDT">
  <testcase classname="api.testcases.UserTestDataDriven" name="testCreateUser" time="4.241"/>
  <testcase classname="api.testcases.UserTestDataDriven" name="testCreateUser" time="1.101"/>
  <testcase classname="api.testcases.UserTestDataDriven" name="testCreateUser" time="1.145"/>
  <testcase classname="api.testcases.UserTestDataDriven" name="testCreateUser" time="1.073"/>
  <testcase classname="api.testcases.UserTestDataDriven" name="testGetUserData" time="1.109"/>
  <testcase classname="api.testcases.UserTestDataDriven" name="testGetUserData" time="1.125"/>
  <testcase classname="api.testcases.UserTestDataDriven" name="testGetUserData" time="1.052"/>
  <testcase classname="api.testcases.UserTestDataDriven" name="testGetUserData" time="1.94"/>
  <testcase classname="api.testcases.UserTestDataDriven" name="testUpdateUser" time="2.329"/>
  <testcase classname="api.testcases.UserTestDataDriven" name="testUpdateUser" time="2.339"/>
  <testcase classname="api.testcases.UserTestDataDriven" name="testUpdateUser" time="2.285"/>
  <testcase classname="api.testcases.UserTestDataDriven" name="testUpdateUser" time="2.152"/>
  <testcase classname="api.testcases.UserTestDataDriven" name="testDeleteUser" time="0.0"/>
  <testcase classname="api.testcases.UserTestDataDriven" name="testDeleteUser" time="0.001"/>
  <testcase classname="api.testcases.UserTestDataDriven" name="testDeleteUser" time="0.001"/>
  <testcase classname="api.testcases.UserTestDataDriven" name="testDeleteUser" time="0.001"/>
  <testcase classname="api.testcases.userTest" name="testCreateUser" time="1.049"/>
  <testcase classname="api.testcases.userTest" name="testGetUserData" time="1.07"/>
  <testcase classname="api.testcases.userTest" name="testUpdateUser" time="2.104"/>
  <testcase classname="api.testcases.userTest" name="testDeleteUser" time="1.085"/>
</testsuite> <!-- Test -->
