<?xml version="1.0" encoding="UTF-8"?>
<testsuite xmlns:xsi="http://www.w3.org/2001/XMLSchema-instance" xsi:noNamespaceSchemaLocation="https://maven.apache.org/surefire/maven-surefire-plugin/xsd/surefire-test-report-3.0.xsd" version="3.0" name="TestSuite" time="32.21" tests="20" errors="0" skipped="0" failures="0">
  <properties>
[...]
</properties>
  <testcase name="testCreateUser[2020, user1, Rita, Gupta, a@gmail.com, test@1, 1234567897](1)" classname="api.testcases.UserTestDataDriven" time="4.233">
    <system-out><![CDATA[On Start method invoked....
[DEBUG] 2025-04-27 00:16:07.784 [main] PackageRelationshipCollection - Parsing relationship: /xl/_rels/workbook.xml.rels
[DEBUG] 2025-04-27 00:16:07.794 [main] PackageRelationshipCollection - Parsing relationship: /xl/worksheets/_rels/sheet1.xml.rels
[DEBUG] 2025-04-27 00:16:07.795 [main] PackageRelationshipCollection - Parsing relationship: /_rels/.rels
[DEBUG] 2025-04-27 00:16:08.577 [main] PackageRelationshipCollection - Parsing relationship: /xl/_rels/workbook.xml.rels
[DEBUG] 2025-04-27 00:16:08.580 [main] PackageRelationshipCollection - Parsing relationship: /xl/worksheets/_rels/sheet1.xml.rels
[DEBUG] 2025-04-27 00:16:08.582 [main] PackageRelationshipCollection - Parsing relationship: /_rels/.rels
[DEBUG] 2025-04-27 00:16:08.638 [main] PackageRelationshipCollection - Parsing relationship: /xl/_rels/workbook.xml.rels
[DEBUG] 2025-04-27 00:16:08.641 [main] PackageRelationshipCollection - Parsing relationship: /xl/worksheets/_rels/sheet1.xml.rels
[DEBUG] 2025-04-27 00:16:08.642 [main] PackageRelationshipCollection - Parsing relationship: /_rels/.rels
[DEBUG] 2025-04-27 00:16:08.705 [main] PackageRelationshipCollection - Parsing relationship: /xl/_rels/workbook.xml.rels
[DEBUG] 2025-04-27 00:16:08.707 [main] PackageRelationshipCollection - Parsing relationship: /xl/worksheets/_rels/sheet1.xml.rels
[DEBUG] 2025-04-27 00:16:08.708 [main] PackageRelationshipCollection - Parsing relationship: /_rels/.rels
[DEBUG] 2025-04-27 00:16:08.750 [main] PackageRelationshipCollection - Parsing relationship: /xl/_rels/workbook.xml.rels
[DEBUG] 2025-04-27 00:16:08.752 [main] PackageRelationshipCollection - Parsing relationship: /xl/worksheets/_rels/sheet1.xml.rels
[DEBUG] 2025-04-27 00:16:08.753 [main] PackageRelationshipCollection - Parsing relationship: /_rels/.rels
[DEBUG] 2025-04-27 00:16:08.792 [main] PackageRelationshipCollection - Parsing relationship: /xl/_rels/workbook.xml.rels
[DEBUG] 2025-04-27 00:16:08.793 [main] PackageRelationshipCollection - Parsing relationship: /xl/worksheets/_rels/sheet1.xml.rels
[DEBUG] 2025-04-27 00:16:08.794 [main] PackageRelationshipCollection - Parsing relationship: /_rels/.rels
[DEBUG] 2025-04-27 00:16:08.822 [main] PackageRelationshipCollection - Parsing relationship: /xl/_rels/workbook.xml.rels
[DEBUG] 2025-04-27 00:16:08.823 [main] PackageRelationshipCollection - Parsing relationship: /xl/worksheets/_rels/sheet1.xml.rels
[DEBUG] 2025-04-27 00:16:08.824 [main] PackageRelationshipCollection - Parsing relationship: /_rels/.rels
[DEBUG] 2025-04-27 00:16:08.863 [main] PackageRelationshipCollection - Parsing relationship: /xl/_rels/workbook.xml.rels
[DEBUG] 2025-04-27 00:16:08.864 [main] PackageRelationshipCollection - Parsing relationship: /xl/worksheets/_rels/sheet1.xml.rels
[DEBUG] 2025-04-27 00:16:08.866 [main] PackageRelationshipCollection - Parsing relationship: /_rels/.rels
[DEBUG] 2025-04-27 00:16:08.899 [main] PackageRelationshipCollection - Parsing relationship: /xl/_rels/workbook.xml.rels
[DEBUG] 2025-04-27 00:16:08.900 [main] PackageRelationshipCollection - Parsing relationship: /xl/worksheets/_rels/sheet1.xml.rels
[DEBUG] 2025-04-27 00:16:08.901 [main] PackageRelationshipCollection - Parsing relationship: /_rels/.rels
[DEBUG] 2025-04-27 00:16:08.931 [main] PackageRelationshipCollection - Parsing relationship: /xl/_rels/workbook.xml.rels
[DEBUG] 2025-04-27 00:16:08.933 [main] PackageRelationshipCollection - Parsing relationship: /xl/worksheets/_rels/sheet1.xml.rels
[DEBUG] 2025-04-27 00:16:08.934 [main] PackageRelationshipCollection - Parsing relationship: /_rels/.rels
[DEBUG] 2025-04-27 00:16:08.965 [main] PackageRelationshipCollection - Parsing relationship: /xl/_rels/workbook.xml.rels
[DEBUG] 2025-04-27 00:16:08.966 [main] PackageRelationshipCollection - Parsing relationship: /xl/worksheets/_rels/sheet1.xml.rels
[DEBUG] 2025-04-27 00:16:08.967 [main] PackageRelationshipCollection - Parsing relationship: /_rels/.rels
[DEBUG] 2025-04-27 00:16:08.999 [main] PackageRelationshipCollection - Parsing relationship: /xl/_rels/workbook.xml.rels
[DEBUG] 2025-04-27 00:16:09.001 [main] PackageRelationshipCollection - Parsing relationship: /xl/worksheets/_rels/sheet1.xml.rels
[DEBUG] 2025-04-27 00:16:09.003 [main] PackageRelationshipCollection - Parsing relationship: /_rels/.rels
[DEBUG] 2025-04-27 00:16:09.031 [main] PackageRelationshipCollection - Parsing relationship: /xl/_rels/workbook.xml.rels
[DEBUG] 2025-04-27 00:16:09.033 [main] PackageRelationshipCollection - Parsing relationship: /xl/worksheets/_rels/sheet1.xml.rels
[DEBUG] 2025-04-27 00:16:09.034 [main] PackageRelationshipCollection - Parsing relationship: /_rels/.rels
[DEBUG] 2025-04-27 00:16:09.056 [main] PackageRelationshipCollection - Parsing relationship: /xl/_rels/workbook.xml.rels
[DEBUG] 2025-04-27 00:16:09.057 [main] PackageRelationshipCollection - Parsing relationship: /xl/worksheets/_rels/sheet1.xml.rels
[DEBUG] 2025-04-27 00:16:09.058 [main] PackageRelationshipCollection - Parsing relationship: /_rels/.rels
[DEBUG] 2025-04-27 00:16:09.082 [main] PackageRelationshipCollection - Parsing relationship: /xl/_rels/workbook.xml.rels
[DEBUG] 2025-04-27 00:16:09.083 [main] PackageRelationshipCollection - Parsing relationship: /xl/worksheets/_rels/sheet1.xml.rels
[DEBUG] 2025-04-27 00:16:09.084 [main] PackageRelationshipCollection - Parsing relationship: /_rels/.rels
[DEBUG] 2025-04-27 00:16:09.115 [main] PackageRelationshipCollection - Parsing relationship: /xl/_rels/workbook.xml.rels
[DEBUG] 2025-04-27 00:16:09.116 [main] PackageRelationshipCollection - Parsing relationship: /xl/worksheets/_rels/sheet1.xml.rels
[DEBUG] 2025-04-27 00:16:09.118 [main] PackageRelationshipCollection - Parsing relationship: /_rels/.rels
[DEBUG] 2025-04-27 00:16:09.140 [main] PackageRelationshipCollection - Parsing relationship: /xl/_rels/workbook.xml.rels
[DEBUG] 2025-04-27 00:16:09.141 [main] PackageRelationshipCollection - Parsing relationship: /xl/worksheets/_rels/sheet1.xml.rels
[DEBUG] 2025-04-27 00:16:09.142 [main] PackageRelationshipCollection - Parsing relationship: /_rels/.rels
[DEBUG] 2025-04-27 00:16:09.163 [main] PackageRelationshipCollection - Parsing relationship: /xl/_rels/workbook.xml.rels
[DEBUG] 2025-04-27 00:16:09.165 [main] PackageRelationshipCollection - Parsing relationship: /xl/worksheets/_rels/sheet1.xml.rels
[DEBUG] 2025-04-27 00:16:09.166 [main] PackageRelationshipCollection - Parsing relationship: /_rels/.rels
[DEBUG] 2025-04-27 00:16:09.187 [main] PackageRelationshipCollection - Parsing relationship: /xl/_rels/workbook.xml.rels
[DEBUG] 2025-04-27 00:16:09.188 [main] PackageRelationshipCollection - Parsing relationship: /xl/worksheets/_rels/sheet1.xml.rels
[DEBUG] 2025-04-27 00:16:09.189 [main] PackageRelationshipCollection - Parsing relationship: /_rels/.rels
[DEBUG] 2025-04-27 00:16:09.221 [main] PackageRelationshipCollection - Parsing relationship: /xl/_rels/workbook.xml.rels
[DEBUG] 2025-04-27 00:16:09.222 [main] PackageRelationshipCollection - Parsing relationship: /xl/worksheets/_rels/sheet1.xml.rels
[DEBUG] 2025-04-27 00:16:09.223 [main] PackageRelationshipCollection - Parsing relationship: /_rels/.rels
[DEBUG] 2025-04-27 00:16:09.244 [main] PackageRelationshipCollection - Parsing relationship: /xl/_rels/workbook.xml.rels
[DEBUG] 2025-04-27 00:16:09.245 [main] PackageRelationshipCollection - Parsing relationship: /xl/worksheets/_rels/sheet1.xml.rels
[DEBUG] 2025-04-27 00:16:09.247 [main] PackageRelationshipCollection - Parsing relationship: /_rels/.rels
[DEBUG] 2025-04-27 00:16:09.266 [main] PackageRelationshipCollection - Parsing relationship: /xl/_rels/workbook.xml.rels
[DEBUG] 2025-04-27 00:16:09.268 [main] PackageRelationshipCollection - Parsing relationship: /xl/worksheets/_rels/sheet1.xml.rels
[DEBUG] 2025-04-27 00:16:09.269 [main] PackageRelationshipCollection - Parsing relationship: /_rels/.rels
[DEBUG] 2025-04-27 00:16:09.291 [main] PackageRelationshipCollection - Parsing relationship: /xl/_rels/workbook.xml.rels
[DEBUG] 2025-04-27 00:16:09.292 [main] PackageRelationshipCollection - Parsing relationship: /xl/worksheets/_rels/sheet1.xml.rels
[DEBUG] 2025-04-27 00:16:09.293 [main] PackageRelationshipCollection - Parsing relationship: /_rels/.rels
[DEBUG] 2025-04-27 00:16:09.313 [main] PackageRelationshipCollection - Parsing relationship: /xl/_rels/workbook.xml.rels
[DEBUG] 2025-04-27 00:16:09.314 [main] PackageRelationshipCollection - Parsing relationship: /xl/worksheets/_rels/sheet1.xml.rels
[DEBUG] 2025-04-27 00:16:09.315 [main] PackageRelationshipCollection - Parsing relationship: /_rels/.rels
[DEBUG] 2025-04-27 00:16:09.344 [main] PackageRelationshipCollection - Parsing relationship: /xl/_rels/workbook.xml.rels
[DEBUG] 2025-04-27 00:16:09.345 [main] PackageRelationshipCollection - Parsing relationship: /xl/worksheets/_rels/sheet1.xml.rels
[DEBUG] 2025-04-27 00:16:09.346 [main] PackageRelationshipCollection - Parsing relationship: /_rels/.rels
[DEBUG] 2025-04-27 00:16:09.372 [main] PackageRelationshipCollection - Parsing relationship: /xl/_rels/workbook.xml.rels
[DEBUG] 2025-04-27 00:16:09.374 [main] PackageRelationshipCollection - Parsing relationship: /xl/worksheets/_rels/sheet1.xml.rels
[DEBUG] 2025-04-27 00:16:09.375 [main] PackageRelationshipCollection - Parsing relationship: /_rels/.rels
[DEBUG] 2025-04-27 00:16:09.398 [main] PackageRelationshipCollection - Parsing relationship: /xl/_rels/workbook.xml.rels
[DEBUG] 2025-04-27 00:16:09.399 [main] PackageRelationshipCollection - Parsing relationship: /xl/worksheets/_rels/sheet1.xml.rels
[DEBUG] 2025-04-27 00:16:09.401 [main] PackageRelationshipCollection - Parsing relationship: /_rels/.rels
[DEBUG] 2025-04-27 00:16:09.422 [main] PackageRelationshipCollection - Parsing relationship: /xl/_rels/workbook.xml.rels
[DEBUG] 2025-04-27 00:16:09.423 [main] PackageRelationshipCollection - Parsing relationship: /xl/worksheets/_rels/sheet1.xml.rels
[DEBUG] 2025-04-27 00:16:09.424 [main] PackageRelationshipCollection - Parsing relationship: /_rels/.rels
[DEBUG] 2025-04-27 00:16:09.450 [main] PackageRelationshipCollection - Parsing relationship: /xl/_rels/workbook.xml.rels
[DEBUG] 2025-04-27 00:16:09.452 [main] PackageRelationshipCollection - Parsing relationship: /xl/worksheets/_rels/sheet1.xml.rels
[DEBUG] 2025-04-27 00:16:09.453 [main] PackageRelationshipCollection - Parsing relationship: /_rels/.rels
[DEBUG] 2025-04-27 00:16:09.475 [main] PackageRelationshipCollection - Parsing relationship: /xl/_rels/workbook.xml.rels
[DEBUG] 2025-04-27 00:16:09.476 [main] PackageRelationshipCollection - Parsing relationship: /xl/worksheets/_rels/sheet1.xml.rels
[DEBUG] 2025-04-27 00:16:09.477 [main] PackageRelationshipCollection - Parsing relationship: /_rels/.rels
Name of test method started:testCreateUser
HTTP/1.1 200 OK
Date: Sun, 27 Apr 2025 07:16:12 GMT
Content-Type: application/json
Transfer-Encoding: chunked
Connection: keep-alive
Access-Control-Allow-Origin: *
Access-Control-Allow-Methods: GET, POST, DELETE, PUT
Access-Control-Allow-Headers: Content-Type, api_key, Authorization
Server: Jetty(9.2.9.v20150224)

{
    "code": 200,
    "type": "unknown",
    "message": "2020"
}
Name of test method sucessfully executed:testCreateUser
]]></system-out>
    <system-err><![CDATA[SLF4J: Failed to load class "org.slf4j.impl.StaticLoggerBinder".
SLF4J: Defaulting to no-operation (NOP) logger implementation
SLF4J: See http://www.slf4j.org/codes.html#StaticLoggerBinder for further details.
]]></system-err>
  </testcase>
  <testcase name="testCreateUser[2021, user2, Radha, Jain, b@gmail.com, test@2, 1234567897](2)" classname="api.testcases.UserTestDataDriven" time="1.122">
    <system-out><![CDATA[Name of test method started:testCreateUser
HTTP/1.1 200 OK
Date: Sun, 27 Apr 2025 07:16:14 GMT
Content-Type: application/json
Transfer-Encoding: chunked
Connection: keep-alive
Access-Control-Allow-Origin: *
Access-Control-Allow-Methods: GET, POST, DELETE, PUT
Access-Control-Allow-Headers: Content-Type, api_key, Authorization
Server: Jetty(9.2.9.v20150224)

{
    "code": 200,
    "type": "unknown",
    "message": "2021"
}
Name of test method sucessfully executed:testCreateUser
]]></system-out>
  </testcase>
  <testcase name="testCreateUser[2022, user3, Smita, Pathak, c@gmail.com, test@3, 1234567897](3)" classname="api.testcases.UserTestDataDriven" time="1.094">
    <system-out><![CDATA[Name of test method started:testCreateUser
HTTP/1.1 200 OK
Date: Sun, 27 Apr 2025 07:16:15 GMT
Content-Type: application/json
Transfer-Encoding: chunked
Connection: keep-alive
Access-Control-Allow-Origin: *
Access-Control-Allow-Methods: GET, POST, DELETE, PUT
Access-Control-Allow-Headers: Content-Type, api_key, Authorization
Server: Jetty(9.2.9.v20150224)

{
    "code": 200,
    "type": "unknown",
    "message": "2022"
}
Name of test method sucessfully executed:testCreateUser
]]></system-out>
  </testcase>
  <testcase name="testCreateUser[2024, user4, Renu, Shah, renu@gmail.com, test@4, 1234567897](4)" classname="api.testcases.UserTestDataDriven" time="1.074">
    <system-out><![CDATA[Name of test method started:testCreateUser
HTTP/1.1 200 OK
Date: Sun, 27 Apr 2025 07:16:16 GMT
Content-Type: application/json
Transfer-Encoding: chunked
Connection: keep-alive
Access-Control-Allow-Origin: *
Access-Control-Allow-Methods: GET, POST, DELETE, PUT
Access-Control-Allow-Headers: Content-Type, api_key, Authorization
Server: Jetty(9.2.9.v20150224)

{
    "code": 200,
    "type": "unknown",
    "message": "2024"
}
Name of test method sucessfully executed:testCreateUser
]]></system-out>
  </testcase>
  <testcase name="testGetUserData[user1](1)" classname="api.testcases.UserTestDataDriven" time="1.11">
    <system-out><![CDATA[[DEBUG] 2025-04-27 00:16:17.070 [main] PackageRelationshipCollection - Parsing relationship: /xl/_rels/workbook.xml.rels
[DEBUG] 2025-04-27 00:16:17.072 [main] PackageRelationshipCollection - Parsing relationship: /xl/worksheets/_rels/sheet1.xml.rels
[DEBUG] 2025-04-27 00:16:17.075 [main] PackageRelationshipCollection - Parsing relationship: /_rels/.rels
[DEBUG] 2025-04-27 00:16:17.144 [main] PackageRelationshipCollection - Parsing relationship: /xl/_rels/workbook.xml.rels
[DEBUG] 2025-04-27 00:16:17.147 [main] PackageRelationshipCollection - Parsing relationship: /xl/worksheets/_rels/sheet1.xml.rels
[DEBUG] 2025-04-27 00:16:17.149 [main] PackageRelationshipCollection - Parsing relationship: /_rels/.rels
[DEBUG] 2025-04-27 00:16:17.270 [main] PackageRelationshipCollection - Parsing relationship: /xl/_rels/workbook.xml.rels
[DEBUG] 2025-04-27 00:16:17.271 [main] PackageRelationshipCollection - Parsing relationship: /xl/worksheets/_rels/sheet1.xml.rels
[DEBUG] 2025-04-27 00:16:17.272 [main] PackageRelationshipCollection - Parsing relationship: /_rels/.rels
[DEBUG] 2025-04-27 00:16:17.306 [main] PackageRelationshipCollection - Parsing relationship: /xl/_rels/workbook.xml.rels
[DEBUG] 2025-04-27 00:16:17.308 [main] PackageRelationshipCollection - Parsing relationship: /xl/worksheets/_rels/sheet1.xml.rels
[DEBUG] 2025-04-27 00:16:17.309 [main] PackageRelationshipCollection - Parsing relationship: /_rels/.rels
[DEBUG] 2025-04-27 00:16:17.335 [main] PackageRelationshipCollection - Parsing relationship: /xl/_rels/workbook.xml.rels
[DEBUG] 2025-04-27 00:16:17.336 [main] PackageRelationshipCollection - Parsing relationship: /xl/worksheets/_rels/sheet1.xml.rels
[DEBUG] 2025-04-27 00:16:17.337 [main] PackageRelationshipCollection - Parsing relationship: /_rels/.rels
Name of test method started:testGetUserData
Read User Data.
HTTP/1.1 200 OK
Date: Sun, 27 Apr 2025 07:16:17 GMT
Content-Type: application/json
Transfer-Encoding: chunked
Connection: keep-alive
Access-Control-Allow-Origin: *
Access-Control-Allow-Methods: GET, POST, DELETE, PUT
Access-Control-Allow-Headers: Content-Type, api_key, Authorization
Server: Jetty(9.2.9.v20150224)

{
    "id": 2020,
    "username": "user1",
    "firstName": "Rita",
    "lastName": "Gupta",
    "email": "a@gmail.com",
    "password": "test@1",
    "phone": "1234567897",
    "userStatus": 0
}
Name of test method sucessfully executed:testGetUserData
]]></system-out>
  </testcase>
  <testcase name="testGetUserData[user2](2)" classname="api.testcases.UserTestDataDriven" time="1.081">
    <system-out><![CDATA[Name of test method started:testGetUserData
Read User Data.
HTTP/1.1 404 Not Found
Date: Sun, 27 Apr 2025 07:16:18 GMT
Content-Type: application/json
Transfer-Encoding: chunked
Connection: keep-alive
Access-Control-Allow-Origin: *
Access-Control-Allow-Methods: GET, POST, DELETE, PUT
Access-Control-Allow-Headers: Content-Type, api_key, Authorization
Server: Jetty(9.2.9.v20150224)

{
    "code": 1,
    "type": "error",
    "message": "User not found"
}
Name of test method sucessfully executed:testGetUserData
]]></system-out>
  </testcase>
  <testcase name="testGetUserData[user3](3)" classname="api.testcases.UserTestDataDriven" time="1.161">
    <system-out><![CDATA[Name of test method started:testGetUserData
Read User Data.
HTTP/1.1 200 OK
Date: Sun, 27 Apr 2025 07:16:19 GMT
Content-Type: application/json
Transfer-Encoding: chunked
Connection: keep-alive
Access-Control-Allow-Origin: *
Access-Control-Allow-Methods: GET, POST, DELETE, PUT
Access-Control-Allow-Headers: Content-Type, api_key, Authorization
Server: Jetty(9.2.9.v20150224)

{
    "id": 2022,
    "username": "user3",
    "firstName": "Smita",
    "lastName": "Pathak",
    "email": "c@gmail.com",
    "password": "test@3",
    "phone": "1234567897",
    "userStatus": 0
}
Name of test method sucessfully executed:testGetUserData
]]></system-out>
  </testcase>
  <testcase name="testGetUserData[user4](4)" classname="api.testcases.UserTestDataDriven" time="1.137">
    <system-out><![CDATA[Name of test method started:testGetUserData
Read User Data.
HTTP/1.1 200 OK
Date: Sun, 27 Apr 2025 07:16:21 GMT
Content-Type: application/json
Transfer-Encoding: chunked
Connection: keep-alive
Access-Control-Allow-Origin: *
Access-Control-Allow-Methods: GET, POST, DELETE, PUT
Access-Control-Allow-Headers: Content-Type, api_key, Authorization
Server: Jetty(9.2.9.v20150224)

{
    "id": 2024,
    "username": "user4",
    "firstName": "Renu",
    "lastName": "Shah",
    "email": "renu@gmail.com",
    "password": "test@4",
    "phone": "1234567897",
    "userStatus": 0
}
Name of test method sucessfully executed:testGetUserData
]]></system-out>
  </testcase>
  <testcase name="testUpdateUser[user1](1)" classname="api.testcases.UserTestDataDriven" time="2.442">
    <system-out><![CDATA[[DEBUG] 2025-04-27 00:16:21.868 [main] PackageRelationshipCollection - Parsing relationship: /xl/_rels/workbook.xml.rels
[DEBUG] 2025-04-27 00:16:21.871 [main] PackageRelationshipCollection - Parsing relationship: /xl/worksheets/_rels/sheet1.xml.rels
[DEBUG] 2025-04-27 00:16:21.873 [main] PackageRelationshipCollection - Parsing relationship: /_rels/.rels
[DEBUG] 2025-04-27 00:16:21.918 [main] PackageRelationshipCollection - Parsing relationship: /xl/_rels/workbook.xml.rels
[DEBUG] 2025-04-27 00:16:21.921 [main] PackageRelationshipCollection - Parsing relationship: /xl/worksheets/_rels/sheet1.xml.rels
[DEBUG] 2025-04-27 00:16:21.924 [main] PackageRelationshipCollection - Parsing relationship: /_rels/.rels
[DEBUG] 2025-04-27 00:16:21.981 [main] PackageRelationshipCollection - Parsing relationship: /xl/_rels/workbook.xml.rels
[DEBUG] 2025-04-27 00:16:21.984 [main] PackageRelationshipCollection - Parsing relationship: /xl/worksheets/_rels/sheet1.xml.rels
[DEBUG] 2025-04-27 00:16:21.986 [main] PackageRelationshipCollection - Parsing relationship: /_rels/.rels
[DEBUG] 2025-04-27 00:16:22.042 [main] PackageRelationshipCollection - Parsing relationship: /xl/_rels/workbook.xml.rels
[DEBUG] 2025-04-27 00:16:22.054 [main] PackageRelationshipCollection - Parsing relationship: /xl/worksheets/_rels/sheet1.xml.rels
[DEBUG] 2025-04-27 00:16:22.055 [main] PackageRelationshipCollection - Parsing relationship: /_rels/.rels
[DEBUG] 2025-04-27 00:16:22.075 [main] PackageRelationshipCollection - Parsing relationship: /xl/_rels/workbook.xml.rels
[DEBUG] 2025-04-27 00:16:22.077 [main] PackageRelationshipCollection - Parsing relationship: /xl/worksheets/_rels/sheet1.xml.rels
[DEBUG] 2025-04-27 00:16:22.077 [main] PackageRelationshipCollection - Parsing relationship: /_rels/.rels
Name of test method started:testUpdateUser
HTTP/1.1 200 OK
Date: Sun, 27 Apr 2025 07:16:22 GMT
Content-Type: application/json
Transfer-Encoding: chunked
Connection: keep-alive
Access-Control-Allow-Origin: *
Access-Control-Allow-Methods: GET, POST, DELETE, PUT
Access-Control-Allow-Headers: Content-Type, api_key, Authorization
Server: Jetty(9.2.9.v20150224)

{
    "code": 200,
    "type": "unknown",
    "message": "9223372036854754818"
}
After Update User Data.
HTTP/1.1 404 Not Found
Date: Sun, 27 Apr 2025 07:16:23 GMT
Content-Type: application/json
Transfer-Encoding: chunked
Connection: keep-alive
Access-Control-Allow-Origin: *
Access-Control-Allow-Methods: GET, POST, DELETE, PUT
Access-Control-Allow-Headers: Content-Type, api_key, Authorization
Server: Jetty(9.2.9.v20150224)

{
    "code": 1,
    "type": "error",
    "message": "User not found"
}
Name of test method sucessfully executed:testUpdateUser
]]></system-out>
  </testcase>
  <testcase name="testUpdateUser[user2](2)" classname="api.testcases.UserTestDataDriven" time="2.37">
    <system-out><![CDATA[Name of test method started:testUpdateUser
HTTP/1.1 200 OK
Date: Sun, 27 Apr 2025 07:16:25 GMT
Content-Type: application/json
Transfer-Encoding: chunked
Connection: keep-alive
Access-Control-Allow-Origin: *
Access-Control-Allow-Methods: GET, POST, DELETE, PUT
Access-Control-Allow-Headers: Content-Type, api_key, Authorization
Server: Jetty(9.2.9.v20150224)

{
    "code": 200,
    "type": "unknown",
    "message": "6874987089"
}
After Update User Data.
HTTP/1.1 404 Not Found
Date: Sun, 27 Apr 2025 07:16:26 GMT
Content-Type: application/json
Transfer-Encoding: chunked
Connection: keep-alive
Access-Control-Allow-Origin: *
Access-Control-Allow-Methods: GET, POST, DELETE, PUT
Access-Control-Allow-Headers: Content-Type, api_key, Authorization
Server: Jetty(9.2.9.v20150224)

{
    "code": 1,
    "type": "error",
    "message": "User not found"
}
Name of test method sucessfully executed:testUpdateUser
]]></system-out>
  </testcase>
  <testcase name="testUpdateUser[user3](3)" classname="api.testcases.UserTestDataDriven" time="2.25">
    <system-out><![CDATA[Name of test method started:testUpdateUser
HTTP/1.1 200 OK
Date: Sun, 27 Apr 2025 07:16:27 GMT
Content-Type: application/json
Transfer-Encoding: chunked
Connection: keep-alive
Access-Control-Allow-Origin: *
Access-Control-Allow-Methods: GET, POST, DELETE, PUT
Access-Control-Allow-Headers: Content-Type, api_key, Authorization
Server: Jetty(9.2.9.v20150224)

{
    "code": 200,
    "type": "unknown",
    "message": "6874987090"
}
After Update User Data.
HTTP/1.1 200 OK
Date: Sun, 27 Apr 2025 07:16:28 GMT
Content-Type: application/json
Transfer-Encoding: chunked
Connection: keep-alive
Access-Control-Allow-Origin: *
Access-Control-Allow-Methods: GET, POST, DELETE, PUT
Access-Control-Allow-Headers: Content-Type, api_key, Authorization
Server: Jetty(9.2.9.v20150224)

{
    "id": 2022,
    "username": "user3",
    "firstName": "Smita",
    "lastName": "Pathak",
    "email": "c@gmail.com",
    "password": "test@3",
    "phone": "1234567897",
    "userStatus": 0
}
Name of test method sucessfully executed:testUpdateUser
]]></system-out>
  </testcase>
  <testcase name="testUpdateUser[user4](4)" classname="api.testcases.UserTestDataDriven" time="2.238">
    <system-out><![CDATA[Name of test method started:testUpdateUser
HTTP/1.1 200 OK
Date: Sun, 27 Apr 2025 07:16:29 GMT
Content-Type: application/json
Transfer-Encoding: chunked
Connection: keep-alive
Access-Control-Allow-Origin: *
Access-Control-Allow-Methods: GET, POST, DELETE, PUT
Access-Control-Allow-Headers: Content-Type, api_key, Authorization
Server: Jetty(9.2.9.v20150224)

{
    "code": 200,
    "type": "unknown",
    "message": "6874987091"
}
After Update User Data.
HTTP/1.1 200 OK
Date: Sun, 27 Apr 2025 07:16:30 GMT
Content-Type: application/json
Transfer-Encoding: chunked
Connection: keep-alive
Access-Control-Allow-Origin: *
Access-Control-Allow-Methods: GET, POST, DELETE, PUT
Access-Control-Allow-Headers: Content-Type, api_key, Authorization
Server: Jetty(9.2.9.v20150224)

{
    "id": 2024,
    "username": "user4",
    "firstName": "Renu",
    "lastName": "Shah",
    "email": "renu@gmail.com",
    "password": "test@4",
    "phone": "1234567897",
    "userStatus": 0
}
Name of test method sucessfully executed:testUpdateUser
]]></system-out>
  </testcase>
  <testcase name="testDeleteUser[user1](1)" classname="api.testcases.UserTestDataDriven" time="0.002">
    <system-out><![CDATA[[DEBUG] 2025-04-27 00:16:31.406 [main] PackageRelationshipCollection - Parsing relationship: /xl/_rels/workbook.xml.rels
[DEBUG] 2025-04-27 00:16:31.407 [main] PackageRelationshipCollection - Parsing relationship: /xl/worksheets/_rels/sheet1.xml.rels
[DEBUG] 2025-04-27 00:16:31.409 [main] PackageRelationshipCollection - Parsing relationship: /_rels/.rels
[DEBUG] 2025-04-27 00:16:31.458 [main] PackageRelationshipCollection - Parsing relationship: /xl/_rels/workbook.xml.rels
[DEBUG] 2025-04-27 00:16:31.461 [main] PackageRelationshipCollection - Parsing relationship: /xl/worksheets/_rels/sheet1.xml.rels
[DEBUG] 2025-04-27 00:16:31.463 [main] PackageRelationshipCollection - Parsing relationship: /_rels/.rels
[DEBUG] 2025-04-27 00:16:31.507 [main] PackageRelationshipCollection - Parsing relationship: /xl/_rels/workbook.xml.rels
[DEBUG] 2025-04-27 00:16:31.509 [main] PackageRelationshipCollection - Parsing relationship: /xl/worksheets/_rels/sheet1.xml.rels
[DEBUG] 2025-04-27 00:16:31.512 [main] PackageRelationshipCollection - Parsing relationship: /_rels/.rels
[DEBUG] 2025-04-27 00:16:31.572 [main] PackageRelationshipCollection - Parsing relationship: /xl/_rels/workbook.xml.rels
[DEBUG] 2025-04-27 00:16:31.574 [main] PackageRelationshipCollection - Parsing relationship: /xl/worksheets/_rels/sheet1.xml.rels
[DEBUG] 2025-04-27 00:16:31.576 [main] PackageRelationshipCollection - Parsing relationship: /_rels/.rels
[DEBUG] 2025-04-27 00:16:31.613 [main] PackageRelationshipCollection - Parsing relationship: /xl/_rels/workbook.xml.rels
[DEBUG] 2025-04-27 00:16:31.615 [main] PackageRelationshipCollection - Parsing relationship: /xl/worksheets/_rels/sheet1.xml.rels
[DEBUG] 2025-04-27 00:16:31.616 [main] PackageRelationshipCollection - Parsing relationship: /_rels/.rels
Name of test method started:testDeleteUser
Delete User Data.
Name of test method sucessfully executed:testDeleteUser
]]></system-out>
  </testcase>
  <testcase name="testDeleteUser[user2](2)" classname="api.testcases.UserTestDataDriven" time="0.003">
    <system-out><![CDATA[Name of test method started:testDeleteUser
Delete User Data.
Name of test method sucessfully executed:testDeleteUser
]]></system-out>
  </testcase>
  <testcase name="testDeleteUser[user3](3)" classname="api.testcases.UserTestDataDriven" time="0.002">
    <system-out><![CDATA[Name of test method started:testDeleteUser
Delete User Data.
Name of test method sucessfully executed:testDeleteUser
]]></system-out>
  </testcase>
  <testcase name="testDeleteUser[user4](4)" classname="api.testcases.UserTestDataDriven" time="0.002">
    <system-out><![CDATA[Name of test method started:testDeleteUser
Delete User Data.
Name of test method sucessfully executed:testDeleteUser
]]></system-out>
  </testcase>
  <testcase name="testCreateUser" classname="api.testcases.userTest" time="1.067">
    <system-out><![CDATA[Name of test method started:testCreateUser
HTTP/1.1 200 OK
Date: Sun, 27 Apr 2025 07:16:31 GMT
Content-Type: application/json
Transfer-Encoding: chunked
Connection: keep-alive
Access-Control-Allow-Origin: *
Access-Control-Allow-Methods: GET, POST, DELETE, PUT
Access-Control-Allow-Headers: Content-Type, api_key, Authorization
Server: Jetty(9.2.9.v20150224)

{
    "code": 200,
    "type": "unknown",
    "message": "555428396"
}
[INFO ] 2025-04-27 00:16:32.773 [main] RestAssuredAutomationFramework_test - Create User executed.
Name of test method sucessfully executed:testCreateUser
]]></system-out>
  </testcase>
  <testcase name="testGetUserData" classname="api.testcases.userTest" time="1.071">
    <system-out><![CDATA[Name of test method started:testGetUserData
Read User Data.
HTTP/1.1 404 Not Found
Date: Sun, 27 Apr 2025 07:16:33 GMT
Content-Type: application/json
Transfer-Encoding: chunked
Connection: keep-alive
Access-Control-Allow-Origin: *
Access-Control-Allow-Methods: GET, POST, DELETE, PUT
Access-Control-Allow-Headers: Content-Type, api_key, Authorization
Server: Jetty(9.2.9.v20150224)

{
    "code": 1,
    "type": "error",
    "message": "User not found"
}
[INFO ] 2025-04-27 00:16:33.845 [main] RestAssuredAutomationFramework_test - Get User Data executed.
Name of test method sucessfully executed:testGetUserData
]]></system-out>
  </testcase>
  <testcase name="testUpdateUser" classname="api.testcases.userTest" time="2.178">
    <system-out><![CDATA[Name of test method started:testUpdateUser
HTTP/1.1 200 OK
Date: Sun, 27 Apr 2025 07:16:34 GMT
Content-Type: application/json
Transfer-Encoding: chunked
Connection: keep-alive
Access-Control-Allow-Origin: *
Access-Control-Allow-Methods: GET, POST, DELETE, PUT
Access-Control-Allow-Headers: Content-Type, api_key, Authorization
Server: Jetty(9.2.9.v20150224)

{
    "code": 200,
    "type": "unknown",
    "message": "555428396"
}
After Update User Data.
HTTP/1.1 200 OK
Date: Sun, 27 Apr 2025 07:16:35 GMT
Content-Type: application/json
Transfer-Encoding: chunked
Connection: keep-alive
Access-Control-Allow-Origin: *
Access-Control-Allow-Methods: GET, POST, DELETE, PUT
Access-Control-Allow-Headers: Content-Type, api_key, Authorization
Server: Jetty(9.2.9.v20150224)

{
    "id": 555428396,
    "username": "keneth.kuvalis",
    "firstName": "Chaya",
    "lastName": "Tillman",
    "email": "adrian.connelly@example.com",
    "password": "rysw9ik",
    "phone": "1-506-002-7231",
    "userStatus": 0
}
Name of test method sucessfully executed:testUpdateUser
]]></system-out>
  </testcase>
  <testcase name="testDeleteUser" classname="api.testcases.userTest" time="1.08">
    <system-out><![CDATA[Name of test method started:testDeleteUser
Delete User Data.
HTTP/1.1 200 OK
Date: Sun, 27 Apr 2025 07:16:36 GMT
Content-Type: application/json
Transfer-Encoding: chunked
Connection: keep-alive
Access-Control-Allow-Origin: *
Access-Control-Allow-Methods: GET, POST, DELETE, PUT
Access-Control-Allow-Headers: Content-Type, api_key, Authorization
Server: Jetty(9.2.9.v20150224)

{
    "code": 200,
    "type": "unknown",
    "message": "keneth.kuvalis"
}
[INFO ] 2025-04-27 00:16:37.105 [main] RestAssuredAutomationFramework_test - Delete User executed.
Name of test method sucessfully executed:testDeleteUser
]]></system-out>
  </testcase>
</testsuite>